<?xml version="1.0" encoding="UTF-8"?>
<testsuite xmlns:xsi="http://www.w3.org/2001/XMLSchema-instance" xsi:noNamespaceSchemaLocation="https://maven.apache.org/surefire/maven-failsafe-plugin/xsd/failsafe-test-report.xsd" name="Search by keyword" time="21.864" tests="2" errors="0" skipped="0" failures="2">
  <properties>
[...]
</properties>
  <testcase name="Searching for a term" classname="Search by keyword" time="11.135">
    <failure message="&#10;Expecting all elements of:&#10;  &lt;[&quot;BDD Testing &amp; Collaboration Tools for Teams | CucumberYour browser indicates if you&apos;ve visited this link&quot;,&#10;    &quot;habr.com/post/332754 / ХабрYour browser indicates if you&apos;ve visited this link&quot;,&#10;    &quot;Cucumber - WikipediaYour browser indicates if you&apos;ve visited this link&quot;,&#10;    &quot;Cucumber Library - Mods - Minecraft - CurseForgeYour browser indicates if you&apos;ve visited this link&quot;,&#10;    &quot;WooordHunt.ru/word/cucumberYour browser indicates if you&apos;ve visited this link&quot;,&#10;    &quot;translate.ru/dictionary/en-ru/CucumberYour browser indicates if you&apos;ve visited this link&quot;,&#10;    &quot;Cucumber Open. Cucumber has 86 repositories available.Your browser indicates if you&apos;ve visited this link&quot;,&#10;    &quot;dokwork.ru/2015/08/cucumber.htmlYour browser indicates if you&apos;ve visited this link&quot;,&#10;    &quot;riptutorial.com/ru/cucumberYour browser indicates if you&apos;ve visited this link&quot;,&#10;    &quot;Cucumber - Overview - TutorialspointYour browser indicates if you&apos;ve visited this link&quot;]&gt;&#10;to match given predicate but this element did not:&#10;  &lt;&quot;habr.com/post/332754 / ХабрYour browser indicates if you&apos;ve visited this link&quot;&gt;" type="java.lang.AssertionError"><![CDATA[java.lang.AssertionError: 

Expecting all elements of:
  <["BDD Testing & Collaboration Tools for Teams | CucumberYour browser indicates if you've visited this link",
    "habr.com/post/332754 / ХабрYour browser indicates if you've visited this link",
    "Cucumber - WikipediaYour browser indicates if you've visited this link",
    "Cucumber Library - Mods - Minecraft - CurseForgeYour browser indicates if you've visited this link",
    "WooordHunt.ru/word/cucumberYour browser indicates if you've visited this link",
    "translate.ru/dictionary/en-ru/CucumberYour browser indicates if you've visited this link",
    "Cucumber Open. Cucumber has 86 repositories available.Your browser indicates if you've visited this link",
    "dokwork.ru/2015/08/cucumber.htmlYour browser indicates if you've visited this link",
    "riptutorial.com/ru/cucumberYour browser indicates if you've visited this link",
    "Cucumber - Overview - TutorialspointYour browser indicates if you've visited this link"]>
to match given predicate but this element did not:
  <"habr.com/post/332754 / ХабрYour browser indicates if you've visited this link">
]]></failure>
    <system-out><![CDATA[21:39:34.161 [pool-1-thread-1] INFO  n.s.c.w.d.ProvideNewDriver - Instantiating driver
21:39:34.161 [pool-1-thread-1] INFO  n.s.c.w.d.ProvideNewDriver - Driver capabilities: Capabilities {acceptInsecureCerts: false, browserName: chrome, chrome.switches: --start-maximized;--test-ty..., goog:chromeOptions: {args: [--start-maximized, --test-type, --no-sandbox, --ignore-certificate-errors..., --disable-popup-blocking, --disable-default-apps, --disable-extensions-file-a..., --incognito, --disable-infobars, --disable-gpu, --headless], extensions: []}, loggingPrefs: org.openqa.selenium.logging..., platform: ANY, version: }
    &amp#27;[32mGiven &amp#27;[0m&amp#27;[32mSergey is on the DuckDuckGo home page&amp#27;[0m                   &amp#27;[90m# SearchOnDuckDuckGoStepDefinitions.i_am_on_the_DuckDuckGo_home_page()&amp#27;[0m
    &amp#27;[32mWhen &amp#27;[0m&amp#27;[32mhe searches for "&amp#27;[0m&amp#27;[32m&amp#27;[1mcucumber&amp#27;[0m&amp#27;[32m"&amp#27;[0m                               &amp#27;[90m# SearchOnDuckDuckGoStepDefinitions.i_search_for(String)&amp#27;[0m
    &amp#27;[31mThen &amp#27;[0m&amp#27;[31mall the result titles should contain the word "&amp#27;[0m&amp#27;[31m&amp#27;[1mcucumber&amp#27;[0m&amp#27;[31m"&amp#27;[0m &amp#27;[90m# SearchOnDuckDuckGoStepDefinitions.all_the_result_titles_should_contain_the_word(String)&amp#27;[0m
      &amp#27;[31mjava.lang.AssertionError: 
Expecting all elements of:
  <["BDD Testing & Collaboration Tools for Teams | CucumberYour browser indicates if you've visited this link",
    "habr.com/post/332754 / ????Your browser indicates if you've visited this link",
    "Cucumber - WikipediaYour browser indicates if you've visited this link",
    "Cucumber Library - Mods - Minecraft - CurseForgeYour browser indicates if you've visited this link",
    "WooordHunt.ru/word/cucumberYour browser indicates if you've visited this link",
    "translate.ru/dictionary/en-ru/CucumberYour browser indicates if you've visited this link",
    "Cucumber Open. Cucumber has 86 repositories available.Your browser indicates if you've visited this link",
    "dokwork.ru/2015/08/cucumber.htmlYour browser indicates if you've visited this link",
    "riptutorial.com/ru/cucumberYour browser indicates if you've visited this link",
    "Cucumber - Overview - TutorialspointYour browser indicates if you've visited this link"]>
to match given predicate but this element did not:
  <"habr.com/post/332754 / ????Your browser indicates if you've visited this link">
	at java.base/java.util.Optional.ifPresent(Optional.java:183)
	at starter.stepdefinitions.SearchOnDuckDuckGoStepDefinitions.all_the_result_titles_should_contain_the_word(SearchOnDuckDuckGoStepDefinitions.java:39)
	at ?.all the result titles should contain the word "cucumber"(src/test/resources/features/search/search_by_keyword.feature:7)
&amp#27;[0m
21:39:44.477 [pool-1-thread-1] ERROR n.t.c.steps.ConsoleLoggingListener - 
           __  _____ _____ ____ _____   _____ _    ___ _     _____ ____  
  _       / / |_   _| ____/ ___|_   _| |  ___/ \  |_ _| |   | ____|  _ \ 
 (_)_____| |    | | |  _| \___ \ | |   | |_ / _ \  | || |   |  _| | | | |
  _|_____| |    | | | |___ ___) || |   |  _/ ___ \ | || |___| |___| |_| |
 (_)     | |    |_| |_____|____/ |_|   |_|/_/   \_\___|_____|_____|____/ 
          \_\                                                            

TEST FAILED: Searching for a term
--------------------------------------------------------------------------
21:39:44.477 [pool-1-thread-1] ERROR n.t.c.steps.ConsoleLoggingListener - TEST FAILED AT STEP Then all the result titles should contain the word "cucumber"
21:39:44.480 [pool-1-thread-1] ERROR n.t.c.steps.ConsoleLoggingListener - Expecting all elements of:  <["BDD Testing & Collaboration Tools for Teams | CucumberYour browser indicates if you've visited this link",    "habr.com/post/332754 / ????Your browser indicates if you've visited this link",    "Cucumber - WikipediaYour browser indicates if you've visited this link",    "Cucumber Library - Mods - Minecraft - CurseForgeYour browser indicates if you've visited this link",    "WooordHunt.ru/word/cucumberYour browser indicates if you've visited this link",    "translate.ru/dictionary/en-ru/CucumberYour browser indicates if you've visited this link",    "Cucumber Open. Cucumber has 86 repositories available.Your browser indicates if you've visited this link",    "dokwork.ru/2015/08/cucumber.htmlYour browser indicates if you've visited this link",    "riptutorial.com/ru/cucumberYour browser indicates if you've visited this link",    "Cucumber - Overview - TutorialspointYour browser indicates if you've visited this link"]>to match given predicate but this element did not:  <"habr.com/post/332754 / ????Your browser indicates if you've visited this link">
]]></system-out>
    <system-err><![CDATA[Mar 15, 2020 9:39:33 PM org.openqa.selenium.remote.DesiredCapabilities chrome
INFO: Using `new ChromeOptions()` is preferred to `DesiredCapabilities.chrome()`
Starting ChromeDriver 79.0.3945.36 (3582db32b33893869b8c1339e8f4d9ed1816f143-refs/branch-heads/3945@{#614}) on port 37637
Only local connections are allowed.
Please protect ports used by ChromeDriver and related test frameworks to prevent access by malicious code.
[1584268775.352][WARNING]: This version of ChromeDriver has not been tested with Chrome version 80.
[1584268777.355][WARNING]: Timed out connecting to Chrome, retrying...
Mar 15, 2020 9:39:39 PM org.openqa.selenium.remote.ProtocolHandshake createSession
INFO: Detected dialect: W3C
]]></system-err>
  </testcase>
  <testcase name="Searching for a gherkin" classname="Search by keyword" time="10.715">
    <failure message="&#10;Expecting all elements of:&#10;  &lt;[&quot;BDD Testing &amp; Collaboration Tools for Teams | CucumberYour browser indicates if you&apos;ve visited this link&quot;,&#10;    &quot;habr.com/post/332754 / ХабрYour browser indicates if you&apos;ve visited this link&quot;,&#10;    &quot;Cucumber - WikipediaYour browser indicates if you&apos;ve visited this link&quot;,&#10;    &quot;Cucumber Library - Mods - Minecraft - CurseForgeYour browser indicates if you&apos;ve visited this link&quot;,&#10;    &quot;WooordHunt.ru/word/cucumberYour browser indicates if you&apos;ve visited this link&quot;,&#10;    &quot;translate.ru/dictionary/en-ru/CucumberYour browser indicates if you&apos;ve visited this link&quot;,&#10;    &quot;Cucumber Open. Cucumber has 86 repositories available.Your browser indicates if you&apos;ve visited this link&quot;,&#10;    &quot;dokwork.ru/2015/08/cucumber.htmlYour browser indicates if you&apos;ve visited this link&quot;,&#10;    &quot;riptutorial.com/ru/cucumberYour browser indicates if you&apos;ve visited this link&quot;,&#10;    &quot;Cucumber - Overview - TutorialspointYour browser indicates if you&apos;ve visited this link&quot;]&gt;&#10;to match given predicate but this element did not:&#10;  &lt;&quot;habr.com/post/332754 / ХабрYour browser indicates if you&apos;ve visited this link&quot;&gt;" type="java.lang.AssertionError"><![CDATA[java.lang.AssertionError: 

Expecting all elements of:
  <["BDD Testing & Collaboration Tools for Teams | CucumberYour browser indicates if you've visited this link",
    "habr.com/post/332754 / ХабрYour browser indicates if you've visited this link",
    "Cucumber - WikipediaYour browser indicates if you've visited this link",
    "Cucumber Library - Mods - Minecraft - CurseForgeYour browser indicates if you've visited this link",
    "WooordHunt.ru/word/cucumberYour browser indicates if you've visited this link",
    "translate.ru/dictionary/en-ru/CucumberYour browser indicates if you've visited this link",
    "Cucumber Open. Cucumber has 86 repositories available.Your browser indicates if you've visited this link",
    "dokwork.ru/2015/08/cucumber.htmlYour browser indicates if you've visited this link",
    "riptutorial.com/ru/cucumberYour browser indicates if you've visited this link",
    "Cucumber - Overview - TutorialspointYour browser indicates if you've visited this link"]>
to match given predicate but this element did not:
  <"habr.com/post/332754 / ХабрYour browser indicates if you've visited this link">
]]></failure>
    <system-out><![CDATA[21:39:45.079 [pool-1-thread-1] INFO  n.s.c.w.d.ProvideNewDriver - Instantiating driver
21:39:45.079 [pool-1-thread-1] INFO  n.s.c.w.d.ProvideNewDriver - Driver capabilities: Capabilities {acceptInsecureCerts: false, browserName: chrome, chrome.switches: --start-maximized;--test-ty..., goog:chromeOptions: {args: [--start-maximized, --test-type, --no-sandbox, --ignore-certificate-errors..., --disable-popup-blocking, --disable-default-apps, --disable-extensions-file-a..., --incognito, --disable-infobars, --disable-gpu, --headless], extensions: []}, loggingPrefs: org.openqa.selenium.logging..., platform: ANY, version: }
    &amp#27;[32mGiven &amp#27;[0m&amp#27;[32mSergey is on the DuckDuckGo home page&amp#27;[0m                   &amp#27;[90m# SearchOnDuckDuckGoStepDefinitions.i_am_on_the_DuckDuckGo_home_page()&amp#27;[0m
    &amp#27;[32mWhen &amp#27;[0m&amp#27;[32mhe searches for "&amp#27;[0m&amp#27;[32m&amp#27;[1mcucumber&amp#27;[0m&amp#27;[32m"&amp#27;[0m                               &amp#27;[90m# SearchOnDuckDuckGoStepDefinitions.i_search_for(String)&amp#27;[0m
    &amp#27;[31mThen &amp#27;[0m&amp#27;[31mall the result titles should contain the word "&amp#27;[0m&amp#27;[31m&amp#27;[1mcucumber&amp#27;[0m&amp#27;[31m"&amp#27;[0m &amp#27;[90m# SearchOnDuckDuckGoStepDefinitions.all_the_result_titles_should_contain_the_word(String)&amp#27;[0m
      &amp#27;[31mjava.lang.AssertionError: 
Expecting all elements of:
  <["BDD Testing & Collaboration Tools for Teams | CucumberYour browser indicates if you've visited this link",
    "habr.com/post/332754 / ????Your browser indicates if you've visited this link",
    "Cucumber - WikipediaYour browser indicates if you've visited this link",
    "Cucumber Library - Mods - Minecraft - CurseForgeYour browser indicates if you've visited this link",
    "WooordHunt.ru/word/cucumberYour browser indicates if you've visited this link",
    "translate.ru/dictionary/en-ru/CucumberYour browser indicates if you've visited this link",
    "Cucumber Open. Cucumber has 86 repositories available.Your browser indicates if you've visited this link",
    "dokwork.ru/2015/08/cucumber.htmlYour browser indicates if you've visited this link",
    "riptutorial.com/ru/cucumberYour browser indicates if you've visited this link",
    "Cucumber - Overview - TutorialspointYour browser indicates if you've visited this link"]>
to match given predicate but this element did not:
  <"habr.com/post/332754 / ????Your browser indicates if you've visited this link">
	at java.base/java.util.Optional.ifPresent(Optional.java:183)
	at starter.stepdefinitions.SearchOnDuckDuckGoStepDefinitions.all_the_result_titles_should_contain_the_word(SearchOnDuckDuckGoStepDefinitions.java:39)
	at ?.all the result titles should contain the word "cucumber"(src/test/resources/features/search/search_by_keyword.feature:13)
&amp#27;[0m
21:39:55.209 [pool-1-thread-1] ERROR n.t.c.steps.ConsoleLoggingListener - 
           __  _____ _____ ____ _____   _____ _    ___ _     _____ ____  
  _       / / |_   _| ____/ ___|_   _| |  ___/ \  |_ _| |   | ____|  _ \ 
 (_)_____| |    | | |  _| \___ \ | |   | |_ / _ \  | || |   |  _| | | | |
  _|_____| |    | | | |___ ___) || |   |  _/ ___ \ | || |___| |___| |_| |
 (_)     | |    |_| |_____|____/ |_|   |_|/_/   \_\___|_____|_____|____/ 
          \_\                                                            

TEST FAILED: Searching for a gherkin
--------------------------------------------------------------------------
21:39:55.210 [pool-1-thread-1] ERROR n.t.c.steps.ConsoleLoggingListener - TEST FAILED AT STEP Then all the result titles should contain the word "cucumber"
21:39:55.210 [pool-1-thread-1] ERROR n.t.c.steps.ConsoleLoggingListener - Expecting all elements of:  <["BDD Testing & Collaboration Tools for Teams | CucumberYour browser indicates if you've visited this link",    "habr.com/post/332754 / ????Your browser indicates if you've visited this link",    "Cucumber - WikipediaYour browser indicates if you've visited this link",    "Cucumber Library - Mods - Minecraft - CurseForgeYour browser indicates if you've visited this link",    "WooordHunt.ru/word/cucumberYour browser indicates if you've visited this link",    "translate.ru/dictionary/en-ru/CucumberYour browser indicates if you've visited this link",    "Cucumber Open. Cucumber has 86 repositories available.Your browser indicates if you've visited this link",    "dokwork.ru/2015/08/cucumber.htmlYour browser indicates if you've visited this link",    "riptutorial.com/ru/cucumberYour browser indicates if you've visited this link",    "Cucumber - Overview - TutorialspointYour browser indicates if you've visited this link"]>to match given predicate but this element did not:  <"habr.com/post/332754 / ????Your browser indicates if you've visited this link">
]]></system-out>
    <system-err><![CDATA[Mar 15, 2020 9:39:44 PM org.openqa.selenium.remote.DesiredCapabilities chrome
INFO: Using `new ChromeOptions()` is preferred to `DesiredCapabilities.chrome()`
Starting ChromeDriver 79.0.3945.36 (3582db32b33893869b8c1339e8f4d9ed1816f143-refs/branch-heads/3945@{#614}) on port 5332
Only local connections are allowed.
Please protect ports used by ChromeDriver and related test frameworks to prevent access by malicious code.
[1584268786.318][WARNING]: This version of ChromeDriver has not been tested with Chrome version 80.
[1584268788.322][WARNING]: Timed out connecting to Chrome, retrying...
Mar 15, 2020 9:39:50 PM org.openqa.selenium.remote.ProtocolHandshake createSession
INFO: Detected dialect: W3C
]]></system-err>
  </testcase>
</testsuite>