<?xml version="1.0" encoding="UTF-8"?>
<testsuite xmlns:xsi="http://www.w3.org/2001/XMLSchema-instance" xsi:noNamespaceSchemaLocation="https://maven.apache.org/surefire/maven-failsafe-plugin/xsd/failsafe-test-report.xsd" name="Request new Insurance quote" time="29.885" tests="1" errors="1" skipped="0" failures="0">
  <properties>
[...]
</properties>
  <testcase name="user request new car insurance quote" classname="Request new Insurance quote" time="29.885">
    <error message="Expected enabled element was not enabled" type="net.thucydides.core.webdriver.exceptions.ElementShouldBeEnabledException">net.thucydides.core.webdriver.exceptions.ElementShouldBeEnabledException: Expected enabled element was not enabled
Caused by: org.openqa.selenium.TimeoutException: Expected condition failed: waiting for CarInsuranceQuoteRequestPage.vehicleRegistrationNumber to be enabled (tried for 5 second(s) with 100 milliseconds interval)
Caused by: org.openqa.selenium.NoSuchElementException: 
Timed out after 2 seconds. Element not found
For documentation on this error, please visit: https://www.seleniumhq.org/exceptions/no_such_element.html
Build info: version: '3.141.59', revision: 'e82be7d358', time: '2018-11-14T08:17:03'
System info: host: 'LOY-R902G3XR', ip: '192.168.0.14', os.name: 'Windows 10', os.arch: 'amd64', os.version: '10.0', java.version: '11.0.2'
Driver info: driver.version: unknown
</error>
    <system-out><![CDATA[21:39:02.944 [main] INFO  n.t.c.steps.ConsoleLoggingListener - 

-------------------------------------------------------------------------------------
     _______. _______ .______       _______ .__   __.  __  .___________.____    ____ 
    /       ||   ____||   _  \     |   ____||  \ |  | |  | |           |\   \  /   / 
   |   (----`|  |__   |  |_)  |    |  |__   |   \|  | |  | `---|  |----` \   \/   /  
    \   \    |   __|  |      /     |   __|  |  . `  | |  |     |  |       \_    _/   
.----)   |   |  |____ |  |\  \----.|  |____ |  |\   | |  |     |  |         |  |     
|_______/    |_______|| _| `._____||_______||__| \__| |__|     |__|         |__|    
                                                                                     
 News and tutorials at http://www.serenity-bdd.info                                  
 Documentation at https://wakaleo.gitbooks.io/the-serenity-book/content/             
 Join the Serenity Community on Rocket Chat at https://serenity-bdd.rocket.chat      
 Serenity BDD Support and Training at http://serenity-bdd.info/#/trainingandsupport  
 Learn Serenity BDD online at http://serenity-dojo.com                               
-------------------------------------------------------------------------------------

21:39:02.968 [main] INFO  n.t.c.steps.ConsoleLoggingListener - Test Suite Started: Request new Insurance quote
21:39:03.021 [main] INFO  n.t.c.steps.ConsoleLoggingListener - Test Suite Started: Search by keyword
21:39:03.134 [pool-1-thread-1] INFO  n.t.c.steps.ConsoleLoggingListener - 
 _____ _____ ____ _____   ____ _____  _    ____ _____ _____ ____  
|_   _| ____/ ___|_   _| / ___|_   _|/ \  |  _ \_   _| ____|  _ \ 
  | | |  _| \___ \ | |   \___ \ | | / _ \ | |_) || | |  _| | | | |
  | | | |___ ___) || |    ___) || |/ ___ \|  _ < | | | |___| |_| |
  |_| |_____|____/ |_|   |____/ |_/_/   \_\_| \_\|_| |_____|____/ 
                                                                  

TEST STARTED: user request new car insurance quote
-------------------------------------------------------------------(request-new-insurance-quote;user-request-new-car-insurance-quote)
Feature: Request new Insurance quote

  @request_new_quote
  Scenario: user request new car insurance quote                           &amp#27;[90m# src/test/resources/features/search/request_car_insurance_quote.feature:4&amp#27;[0m
21:39:33.332 [pool-1-thread-1] INFO  n.t.c.steps.ConsoleLoggingListener - 
 _____ _____ ____ _____   ____ _____  _    ____ _____ _____ ____  
|_   _| ____/ ___|_   _| / ___|_   _|/ \  |  _ \_   _| ____|  _ \ 
  | | |  _| \___ \ | |   \___ \ | | / _ \ | |_) || | |  _| | | | |
  | | | |___ ___) || |    ___) || |/ ___ \|  _ < | | | |___| |_| |
  |_| |_____|____/ |_|   |____/ |_/_/   \_\_| \_\|_| |_____|____/ 
                                                                  

TEST STARTED: Searching for a term
-------------------------------------------------------------------(search-by-keyword;searching-for-a-term)

Feature: Search by keyword

  @cucumber
  Scenario: Searching for a term                                  &amp#27;[90m# src/test/resources/features/search/search_by_keyword.feature:4&amp#27;[0m
21:39:44.490 [pool-1-thread-1] INFO  n.t.c.steps.ConsoleLoggingListener - 
 _____ _____ ____ _____   ____ _____  _    ____ _____ _____ ____  
|_   _| ____/ ___|_   _| / ___|_   _|/ \  |  _ \_   _| ____|  _ \ 
  | | |  _| \___ \ | |   \___ \ | | / _ \ | |_) || | |  _| | | | |
  | | | |___ ___) || |    ___) || |/ ___ \|  _ < | | | |___| |_| |
  |_| |_____|____/ |_|   |____/ |_/_/   \_\_| \_\|_| |_____|____/ 
                                                                  

TEST STARTED: Searching for a gherkin
-------------------------------------------------------------------(search-by-keyword;searching-for-a-gherkin)

  @gherkin
  Scenario: Searching for a gherkin                               &amp#27;[90m# src/test/resources/features/search/search_by_keyword.feature:10&amp#27;[0m

&amp#27;[31mFailed scenarios:&amp#27;[0m
&amp#27;[31msrc/test/resources/features/search/request_car_insurance_quote.feature:4 &amp#27;[0m# user request new car insurance quote
&amp#27;[31msrc/test/resources/features/search/search_by_keyword.feature:4 &amp#27;[0m# Searching for a term
&amp#27;[31msrc/test/resources/features/search/search_by_keyword.feature:10 &amp#27;[0m# Searching for a gherkin

3 Scenarios (&amp#27;[31m3 failed&amp#27;[0m)
10 Steps (&amp#27;[31m3 failed&amp#27;[0m, &amp#27;[36m1 skipped&amp#27;[0m, &amp#27;[32m6 passed&amp#27;[0m)
0m52.479s

net.thucydides.core.webdriver.exceptions.ElementShouldBeEnabledException: Expected enabled element was not enabled
	at net.serenitybdd.core.pages.WebElementFacadeImpl.waitUntilEnabled(WebElementFacadeImpl.java:1149)
	at net.serenitybdd.core.pages.WebElementFacadeImpl.waitUntilElementAvailable(WebElementFacadeImpl.java:954)
	at net.serenitybdd.core.pages.WebElementFacadeImpl.click(WebElementFacadeImpl.java:1229)
	at net.serenitybdd.core.pages.PageObject.clickOn(PageObject.java:909)
	at starter.navigation.CarInsuranceQuoteRequestPage$ByteBuddy$3VFzFXhJ.clickOn$accessor$dxoAcLGz(Unknown Source)
	at java.base/jdk.internal.reflect.NativeMethodAccessorImpl.invoke0(Native Method)
	at java.base/jdk.internal.reflect.NativeMethodAccessorImpl.invoke(NativeMethodAccessorImpl.java:62)
	at java.base/jdk.internal.reflect.DelegatingMethodAccessorImpl.invoke(DelegatingMethodAccessorImpl.java:43)
	at java.base/java.lang.reflect.Method.invoke(Method.java:566)
	at net.thucydides.core.steps.StepInterceptor.invokeMethod(StepInterceptor.java:471)
	at net.thucydides.core.steps.StepInterceptor.runBaseObjectMethod(StepInterceptor.java:368)
	at net.thucydides.core.steps.StepInterceptor.intercept(StepInterceptor.java:73)
	at starter.navigation.CarInsuranceQuoteRequestPage$ByteBuddy$3VFzFXhJ.clickOn(Unknown Source)
	at starter.navigation.CarInsuranceQuoteRequestPage.enterVehicleRegistrationNumber(CarInsuranceQuoteRequestPage.java:66)
	at starter.navigation.CarInsuranceQuoteRequestPage$ByteBuddy$3VFzFXhJ.enterVehicleRegistrationNumber$accessor$dxoAcLGz(Unknown Source)
	at java.base/jdk.internal.reflect.NativeMethodAccessorImpl.invoke0(Native Method)
	at java.base/jdk.internal.reflect.NativeMethodAccessorImpl.invoke(NativeMethodAccessorImpl.java:62)
	at java.base/jdk.internal.reflect.DelegatingMethodAccessorImpl.invoke(DelegatingMethodAccessorImpl.java:43)
	at java.base/java.lang.reflect.Method.invoke(Method.java:566)
	at net.thucydides.core.steps.StepInterceptor.invokeMethod(StepInterceptor.java:471)
	at net.thucydides.core.steps.StepInterceptor.executeTestStepMethod(StepInterceptor.java:451)
	at net.thucydides.core.steps.StepInterceptor.runTestStep(StepInterceptor.java:424)
	at net.thucydides.core.steps.StepInterceptor.runOrSkipMethod(StepInterceptor.java:180)
	at net.thucydides.core.steps.StepInterceptor.testStepResult(StepInterceptor.java:167)
	at net.thucydides.core.steps.StepInterceptor.intercept(StepInterceptor.java:75)
	at starter.navigation.CarInsuranceQuoteRequestPage$ByteBuddy$3VFzFXhJ.enterVehicleRegistrationNumber(Unknown Source)
	at starter.stepdefinitions.RequestCarInsuranceQuoteStepDefinitions.user_enters_driver_and_vehicle_details(RequestCarInsuranceQuoteStepDefinitions.java:37)
	at ?.user provides driver and vehicle information(src/test/resources/features/search/request_car_insurance_quote.feature:7)
Caused by: org.openqa.selenium.TimeoutException: Expected condition failed: waiting for CarInsuranceQuoteRequestPage.vehicleRegistrationNumber to be enabled (tried for 5 second(s) with 100 milliseconds interval)
	at org.openqa.selenium.support.ui.FluentWait.timeoutException(FluentWait.java:304)
	at org.openqa.selenium.support.ui.FluentWait.until(FluentWait.java:272)
	at net.serenitybdd.core.pages.WebElementFacadeImpl.waitUntilEnabled(WebElementFacadeImpl.java:1146)
	at net.serenitybdd.core.pages.WebElementFacadeImpl.waitUntilElementAvailable(WebElementFacadeImpl.java:954)
	at net.serenitybdd.core.pages.WebElementFacadeImpl.click(WebElementFacadeImpl.java:1229)
	at net.serenitybdd.core.pages.PageObject.clickOn(PageObject.java:909)
	at starter.navigation.CarInsuranceQuoteRequestPage$ByteBuddy$3VFzFXhJ.clickOn$accessor$dxoAcLGz(Unknown Source)
	at java.base/jdk.internal.reflect.NativeMethodAccessorImpl.invoke0(Native Method)
	at java.base/jdk.internal.reflect.NativeMethodAccessorImpl.invoke(NativeMethodAccessorImpl.java:62)
	at java.base/jdk.internal.reflect.DelegatingMethodAccessorImpl.invoke(DelegatingMethodAccessorImpl.java:43)
	at java.base/java.lang.reflect.Method.invoke(Method.java:566)
	at net.thucydides.core.steps.StepInterceptor.invokeMethod(StepInterceptor.java:471)
	at net.thucydides.core.steps.StepInterceptor.runBaseObjectMethod(StepInterceptor.java:368)
	at net.thucydides.core.steps.StepInterceptor.intercept(StepInterceptor.java:73)
	at starter.navigation.CarInsuranceQuoteRequestPage$ByteBuddy$3VFzFXhJ.clickOn(Unknown Source)
	at starter.navigation.CarInsuranceQuoteRequestPage.enterVehicleRegistrationNumber(CarInsuranceQuoteRequestPage.java:66)
	at starter.navigation.CarInsuranceQuoteRequestPage$ByteBuddy$3VFzFXhJ.enterVehicleRegistrationNumber$accessor$dxoAcLGz(Unknown Source)
	at java.base/jdk.internal.reflect.NativeMethodAccessorImpl.invoke0(Native Method)
	at java.base/jdk.internal.reflect.NativeMethodAccessorImpl.invoke(NativeMethodAccessorImpl.java:62)
	at java.base/jdk.internal.reflect.DelegatingMethodAccessorImpl.invoke(DelegatingMethodAccessorImpl.java:43)
	at java.base/java.lang.reflect.Method.invoke(Method.java:566)
	at net.thucydides.core.steps.StepInterceptor.invokeMethod(StepInterceptor.java:471)
	at net.thucydides.core.steps.StepInterceptor.executeTestStepMethod(StepInterceptor.java:451)
	at net.thucydides.core.steps.StepInterceptor.runTestStep(StepInterceptor.java:424)
	at net.thucydides.core.steps.StepInterceptor.runOrSkipMethod(StepInterceptor.java:180)
	at net.thucydides.core.steps.StepInterceptor.testStepResult(StepInterceptor.java:167)
	at net.thucydides.core.steps.StepInterceptor.intercept(StepInterceptor.java:75)
	at starter.navigation.CarInsuranceQuoteRequestPage$ByteBuddy$3VFzFXhJ.enterVehicleRegistrationNumber(Unknown Source)
	at starter.stepdefinitions.RequestCarInsuranceQuoteStepDefinitions.user_enters_driver_and_vehicle_details(RequestCarInsuranceQuoteStepDefinitions.java:37)
	at java.base/jdk.internal.reflect.NativeMethodAccessorImpl.invoke0(Native Method)
	at java.base/jdk.internal.reflect.NativeMethodAccessorImpl.invoke(NativeMethodAccessorImpl.java:62)
	at java.base/jdk.internal.reflect.DelegatingMethodAccessorImpl.invoke(DelegatingMethodAccessorImpl.java:43)
	at java.base/java.lang.reflect.Method.invoke(Method.java:566)
	at cucumber.runtime.Utils$1.call(Utils.java:31)
	at cucumber.runtime.Timeout.timeout(Timeout.java:16)
	at cucumber.runtime.Utils.invoke(Utils.java:25)
	at cucumber.runtime.java.JavaStepDefinition.execute(JavaStepDefinition.java:37)
	at cucumber.runtime.StepDefinitionMatch.runStep(StepDefinitionMatch.java:40)
	at cucumber.api.TestStep.executeStep(TestStep.java:102)
	at cucumber.api.TestStep.run(TestStep.java:83)
	at cucumber.api.TestCase.run(TestCase.java:58)
	at cucumber.runner.Runner.runPickle(Runner.java:80)
	at cucumber.runtime.junit.PickleRunners$NoStepDescriptions.run(PickleRunners.java:140)
	at cucumber.runtime.junit.FeatureRunner.runChild(FeatureRunner.java:68)
	at cucumber.runtime.junit.FeatureRunner.runChild(FeatureRunner.java:23)
	at org.junit.runners.ParentRunner$3.run(ParentRunner.java:290)
	at org.junit.runners.ParentRunner$1.schedule(ParentRunner.java:71)
	at org.junit.runners.ParentRunner.runChildren(ParentRunner.java:288)
	at org.junit.runners.ParentRunner.access$000(ParentRunner.java:58)
	at org.junit.runners.ParentRunner$2.evaluate(ParentRunner.java:268)
	at org.junit.runners.ParentRunner.run(ParentRunner.java:363)
	at cucumber.runtime.junit.FeatureRunner.run(FeatureRunner.java:73)
	at cucumber.api.junit.Cucumber.runChild(Cucumber.java:118)
	at cucumber.api.junit.Cucumber.runChild(Cucumber.java:56)
	at org.junit.runners.ParentRunner$3.run(ParentRunner.java:290)
	at org.apache.maven.surefire.junitcore.pc.Scheduler$1.run(Scheduler.java:410)
	at org.apache.maven.surefire.junitcore.pc.InvokerStrategy.schedule(InvokerStrategy.java:54)
	at org.apache.maven.surefire.junitcore.pc.Scheduler.schedule(Scheduler.java:367)
	at org.junit.runners.ParentRunner.runChildren(ParentRunner.java:288)
	at org.junit.runners.ParentRunner.access$000(ParentRunner.java:58)
	at org.junit.runners.ParentRunner$2.evaluate(ParentRunner.java:268)
	at cucumber.api.junit.Cucumber$1.evaluate(Cucumber.java:127)
	at org.junit.runners.ParentRunner.run(ParentRunner.java:363)
	at org.junit.runners.Suite.runChild(Suite.java:128)
	at org.junit.runners.Suite.runChild(Suite.java:27)
	at org.junit.runners.ParentRunner$3.run(ParentRunner.java:290)
	at org.apache.maven.surefire.junitcore.pc.Scheduler$1.run(Scheduler.java:410)
	at java.base/java.util.concurrent.Executors$RunnableAdapter.call(Executors.java:515)
	at java.base/java.util.concurrent.FutureTask.run(FutureTask.java:264)
	at java.base/java.util.concurrent.ThreadPoolExecutor.runWorker(ThreadPoolExecutor.java:1128)
	at java.base/java.util.concurrent.ThreadPoolExecutor$Worker.run(ThreadPoolExecutor.java:628)
	at java.base/java.lang.Thread.run(Thread.java:834)
Caused by: org.openqa.selenium.NoSuchElementException: Timed out after 2 seconds. Element not found
For documentation on this error, please visit: https://www.seleniumhq.org/exceptions/no_such_element.html
Build info: version: '3.141.59', revision: 'e82be7d358', time: '2018-11-14T08:17:03'
System info: host: 'LOY-R902G3XR', ip: '192.168.0.14', os.name: 'Windows 10', os.arch: 'amd64', os.version: '10.0', java.version: '11.0.2'
Driver info: driver.version: unknown
	at net.thucydides.core.annotations.locators.SmartAjaxElementLocator.ajaxFindElement(SmartAjaxElementLocator.java:166)
	at net.thucydides.core.annotations.locators.SmartAjaxElementLocator.findElement(SmartAjaxElementLocator.java:118)
	at net.serenitybdd.core.pages.WebElementResolverByElementLocator.resolveForDriver(WebElementResolverByElementLocator.java:30)
	at net.serenitybdd.core.pages.WebElementFacadeImpl.getElement(WebElementFacadeImpl.java:221)
	at net.serenitybdd.core.pages.WebElementFacadeImpl.getTagName(WebElementFacadeImpl.java:1297)
	at java.base/jdk.internal.reflect.NativeMethodAccessorImpl.invoke0(Native Method)
	at java.base/jdk.internal.reflect.NativeMethodAccessorImpl.invoke(NativeMethodAccessorImpl.java:62)
	at java.base/jdk.internal.reflect.DelegatingMethodAccessorImpl.invoke(DelegatingMethodAccessorImpl.java:43)
	at java.base/java.lang.reflect.Method.invoke(Method.java:566)
	at net.thucydides.core.annotations.locators.AbstractSingleItemHandler.invoke(AbstractSingleItemHandler.java:45)
	at com.sun.proxy.$Proxy33.getTagName(Unknown Source)
	at net.serenitybdd.core.pages.WebElementFacadeImpl.getTagName(WebElementFacadeImpl.java:1297)
	at net.serenitybdd.core.pages.WebElementExpectations.isAFormElement(WebElementExpectations.java:163)
	at net.serenitybdd.core.pages.WebElementExpectations.isDisabledField(WebElementExpectations.java:159)
	at net.serenitybdd.core.pages.WebElementExpectations.access$000(WebElementExpectations.java:10)
	at net.serenitybdd.core.pages.WebElementExpectations$3.apply(WebElementExpectations.java:64)
	at net.serenitybdd.core.pages.WebElementExpectations$3.apply(WebElementExpectations.java:55)
	at org.openqa.selenium.support.ui.FluentWait.until(FluentWait.java:249)
	... 70 more

java.lang.AssertionError: 
Expecting all elements of:
  <["BDD Testing & Collaboration Tools for Teams | CucumberYour browser indicates if you've visited this link",
    "habr.com/post/332754 / ????Your browser indicates if you've visited this link",
    "Cucumber - WikipediaYour browser indicates if you've visited this link",
    "Cucumber Library - Mods - Minecraft - CurseForgeYour browser indicates if you've visited this link",
    "WooordHunt.ru/word/cucumberYour browser indicates if you've visited this link",
    "translate.ru/dictionary/en-ru/CucumberYour browser indicates if you've visited this link",
    "Cucumber Open. Cucumber has 86 repositories available.Your browser indicates if you've visited this link",
    "dokwork.ru/2015/08/cucumber.htmlYour browser indicates if you've visited this link",
    "riptutorial.com/ru/cucumberYour browser indicates if you've visited this link",
    "Cucumber - Overview - TutorialspointYour browser indicates if you've visited this link"]>
to match given predicate but this element did not:
  <"habr.com/post/332754 / ????Your browser indicates if you've visited this link">
	at java.base/java.util.Optional.ifPresent(Optional.java:183)
	at starter.stepdefinitions.SearchOnDuckDuckGoStepDefinitions.all_the_result_titles_should_contain_the_word(SearchOnDuckDuckGoStepDefinitions.java:39)
	at ?.all the result titles should contain the word "cucumber"(src/test/resources/features/search/search_by_keyword.feature:7)

java.lang.AssertionError: 
Expecting all elements of:
  <["BDD Testing & Collaboration Tools for Teams | CucumberYour browser indicates if you've visited this link",
    "habr.com/post/332754 / ????Your browser indicates if you've visited this link",
    "Cucumber - WikipediaYour browser indicates if you've visited this link",
    "Cucumber Library - Mods - Minecraft - CurseForgeYour browser indicates if you've visited this link",
    "WooordHunt.ru/word/cucumberYour browser indicates if you've visited this link",
    "translate.ru/dictionary/en-ru/CucumberYour browser indicates if you've visited this link",
    "Cucumber Open. Cucumber has 86 repositories available.Your browser indicates if you've visited this link",
    "dokwork.ru/2015/08/cucumber.htmlYour browser indicates if you've visited this link",
    "riptutorial.com/ru/cucumberYour browser indicates if you've visited this link",
    "Cucumber - Overview - TutorialspointYour browser indicates if you've visited this link"]>
to match given predicate but this element did not:
  <"habr.com/post/332754 / ????Your browser indicates if you've visited this link">
	at java.base/java.util.Optional.ifPresent(Optional.java:183)
	at starter.stepdefinitions.SearchOnDuckDuckGoStepDefinitions.all_the_result_titles_should_contain_the_word(SearchOnDuckDuckGoStepDefinitions.java:39)
	at ?.all the result titles should contain the word "cucumber"(src/test/resources/features/search/search_by_keyword.feature:13)

21:39:05.570 [pool-1-thread-1] INFO  n.s.c.w.d.ProvideNewDriver - Instantiating driver
21:39:05.574 [pool-1-thread-1] INFO  n.s.c.w.d.ProvideNewDriver - Driver capabilities: Capabilities {acceptInsecureCerts: false, browserName: chrome, chrome.switches: --start-maximized;--test-ty..., goog:chromeOptions: {args: [--start-maximized, --test-type, --no-sandbox, --ignore-certificate-errors..., --disable-popup-blocking, --disable-default-apps, --disable-extensions-file-a..., --incognito, --disable-infobars, --disable-gpu, --headless], extensions: []}, loggingPrefs: org.openqa.selenium.logging..., platform: ANY, version: }
    &amp#27;[32mGiven &amp#27;[0m&amp#27;[32muser is on the car insurance home page&amp#27;[0m                           &amp#27;[90m# RequestCarInsuranceQuoteStepDefinitions.user_opens_compare_the_market_homePage()&amp#27;[0m
    &amp#27;[32mWhen &amp#27;[0m&amp#27;[32muser starts a new car quote request&amp#27;[0m                               &amp#27;[90m# RequestCarInsuranceQuoteStepDefinitions.user_begins_new_car_insurance_request()&amp#27;[0m
    &amp#27;[31mAnd &amp#27;[0m&amp#27;[31muser provides driver and vehicle information&amp#27;[0m                       &amp#27;[90m# RequestCarInsuranceQuoteStepDefinitions.user_enters_driver_and_vehicle_details()&amp#27;[0m
      &amp#27;[31mnet.thucydides.core.webdriver.exceptions.ElementShouldBeEnabledException: Expected enabled element was not enabled
	at net.serenitybdd.core.pages.WebElementFacadeImpl.waitUntilEnabled(WebElementFacadeImpl.java:1149)
	at net.serenitybdd.core.pages.WebElementFacadeImpl.waitUntilElementAvailable(WebElementFacadeImpl.java:954)
	at net.serenitybdd.core.pages.WebElementFacadeImpl.click(WebElementFacadeImpl.java:1229)
	at net.serenitybdd.core.pages.PageObject.clickOn(PageObject.java:909)
	at starter.navigation.CarInsuranceQuoteRequestPage$ByteBuddy$3VFzFXhJ.clickOn$accessor$dxoAcLGz(Unknown Source)
	at java.base/jdk.internal.reflect.NativeMethodAccessorImpl.invoke0(Native Method)
	at java.base/jdk.internal.reflect.NativeMethodAccessorImpl.invoke(NativeMethodAccessorImpl.java:62)
	at java.base/jdk.internal.reflect.DelegatingMethodAccessorImpl.invoke(DelegatingMethodAccessorImpl.java:43)
	at java.base/java.lang.reflect.Method.invoke(Method.java:566)
	at net.thucydides.core.steps.StepInterceptor.invokeMethod(StepInterceptor.java:471)
	at net.thucydides.core.steps.StepInterceptor.runBaseObjectMethod(StepInterceptor.java:368)
	at net.thucydides.core.steps.StepInterceptor.intercept(StepInterceptor.java:73)
	at starter.navigation.CarInsuranceQuoteRequestPage$ByteBuddy$3VFzFXhJ.clickOn(Unknown Source)
	at starter.navigation.CarInsuranceQuoteRequestPage.enterVehicleRegistrationNumber(CarInsuranceQuoteRequestPage.java:66)
	at starter.navigation.CarInsuranceQuoteRequestPage$ByteBuddy$3VFzFXhJ.enterVehicleRegistrationNumber$accessor$dxoAcLGz(Unknown Source)
	at java.base/jdk.internal.reflect.NativeMethodAccessorImpl.invoke0(Native Method)
	at java.base/jdk.internal.reflect.NativeMethodAccessorImpl.invoke(NativeMethodAccessorImpl.java:62)
	at java.base/jdk.internal.reflect.DelegatingMethodAccessorImpl.invoke(DelegatingMethodAccessorImpl.java:43)
	at java.base/java.lang.reflect.Method.invoke(Method.java:566)
	at net.thucydides.core.steps.StepInterceptor.invokeMethod(StepInterceptor.java:471)
	at net.thucydides.core.steps.StepInterceptor.executeTestStepMethod(StepInterceptor.java:451)
	at net.thucydides.core.steps.StepInterceptor.runTestStep(StepInterceptor.java:424)
	at net.thucydides.core.steps.StepInterceptor.runOrSkipMethod(StepInterceptor.java:180)
	at net.thucydides.core.steps.StepInterceptor.testStepResult(StepInterceptor.java:167)
	at net.thucydides.core.steps.StepInterceptor.intercept(StepInterceptor.java:75)
	at starter.navigation.CarInsuranceQuoteRequestPage$ByteBuddy$3VFzFXhJ.enterVehicleRegistrationNumber(Unknown Source)
	at starter.stepdefinitions.RequestCarInsuranceQuoteStepDefinitions.user_enters_driver_and_vehicle_details(RequestCarInsuranceQuoteStepDefinitions.java:37)
	at ?.user provides driver and vehicle information(src/test/resources/features/search/request_car_insurance_quote.feature:7)
Caused by: org.openqa.selenium.TimeoutException: Expected condition failed: waiting for CarInsuranceQuoteRequestPage.vehicleRegistrationNumber to be enabled (tried for 5 second(s) with 100 milliseconds interval)
	at org.openqa.selenium.support.ui.FluentWait.timeoutException(FluentWait.java:304)
	at org.openqa.selenium.support.ui.FluentWait.until(FluentWait.java:272)
	at net.serenitybdd.core.pages.WebElementFacadeImpl.waitUntilEnabled(WebElementFacadeImpl.java:1146)
	at net.serenitybdd.core.pages.WebElementFacadeImpl.waitUntilElementAvailable(WebElementFacadeImpl.java:954)
	at net.serenitybdd.core.pages.WebElementFacadeImpl.click(WebElementFacadeImpl.java:1229)
	at net.serenitybdd.core.pages.PageObject.clickOn(PageObject.java:909)
	at starter.navigation.CarInsuranceQuoteRequestPage$ByteBuddy$3VFzFXhJ.clickOn$accessor$dxoAcLGz(Unknown Source)
	at java.base/jdk.internal.reflect.NativeMethodAccessorImpl.invoke0(Native Method)
	at java.base/jdk.internal.reflect.NativeMethodAccessorImpl.invoke(NativeMethodAccessorImpl.java:62)
	at java.base/jdk.internal.reflect.DelegatingMethodAccessorImpl.invoke(DelegatingMethodAccessorImpl.java:43)
	at java.base/java.lang.reflect.Method.invoke(Method.java:566)
	at net.thucydides.core.steps.StepInterceptor.invokeMethod(StepInterceptor.java:471)
	at net.thucydides.core.steps.StepInterceptor.runBaseObjectMethod(StepInterceptor.java:368)
	at net.thucydides.core.steps.StepInterceptor.intercept(StepInterceptor.java:73)
	at starter.navigation.CarInsuranceQuoteRequestPage$ByteBuddy$3VFzFXhJ.clickOn(Unknown Source)
	at starter.navigation.CarInsuranceQuoteRequestPage.enterVehicleRegistrationNumber(CarInsuranceQuoteRequestPage.java:66)
	at starter.navigation.CarInsuranceQuoteRequestPage$ByteBuddy$3VFzFXhJ.enterVehicleRegistrationNumber$accessor$dxoAcLGz(Unknown Source)
	at java.base/jdk.internal.reflect.NativeMethodAccessorImpl.invoke0(Native Method)
	at java.base/jdk.internal.reflect.NativeMethodAccessorImpl.invoke(NativeMethodAccessorImpl.java:62)
	at java.base/jdk.internal.reflect.DelegatingMethodAccessorImpl.invoke(DelegatingMethodAccessorImpl.java:43)
	at java.base/java.lang.reflect.Method.invoke(Method.java:566)
	at net.thucydides.core.steps.StepInterceptor.invokeMethod(StepInterceptor.java:471)
	at net.thucydides.core.steps.StepInterceptor.executeTestStepMethod(StepInterceptor.java:451)
	at net.thucydides.core.steps.StepInterceptor.runTestStep(StepInterceptor.java:424)
	at net.thucydides.core.steps.StepInterceptor.runOrSkipMethod(StepInterceptor.java:180)
	at net.thucydides.core.steps.StepInterceptor.testStepResult(StepInterceptor.java:167)
	at net.thucydides.core.steps.StepInterceptor.intercept(StepInterceptor.java:75)
	at starter.navigation.CarInsuranceQuoteRequestPage$ByteBuddy$3VFzFXhJ.enterVehicleRegistrationNumber(Unknown Source)
	at starter.stepdefinitions.RequestCarInsuranceQuoteStepDefinitions.user_enters_driver_and_vehicle_details(RequestCarInsuranceQuoteStepDefinitions.java:37)
	at java.base/jdk.internal.reflect.NativeMethodAccessorImpl.invoke0(Native Method)
	at java.base/jdk.internal.reflect.NativeMethodAccessorImpl.invoke(NativeMethodAccessorImpl.java:62)
	at java.base/jdk.internal.reflect.DelegatingMethodAccessorImpl.invoke(DelegatingMethodAccessorImpl.java:43)
	at java.base/java.lang.reflect.Method.invoke(Method.java:566)
	at cucumber.runtime.Utils$1.call(Utils.java:31)
	at cucumber.runtime.Timeout.timeout(Timeout.java:16)
	at cucumber.runtime.Utils.invoke(Utils.java:25)
	at cucumber.runtime.java.JavaStepDefinition.execute(JavaStepDefinition.java:37)
	at cucumber.runtime.StepDefinitionMatch.runStep(StepDefinitionMatch.java:40)
	at cucumber.api.TestStep.executeStep(TestStep.java:102)
	at cucumber.api.TestStep.run(TestStep.java:83)
	at cucumber.api.TestCase.run(TestCase.java:58)
	at cucumber.runner.Runner.runPickle(Runner.java:80)
	at cucumber.runtime.junit.PickleRunners$NoStepDescriptions.run(PickleRunners.java:140)
	at cucumber.runtime.junit.FeatureRunner.runChild(FeatureRunner.java:68)
	at cucumber.runtime.junit.FeatureRunner.runChild(FeatureRunner.java:23)
	at org.junit.runners.ParentRunner$3.run(ParentRunner.java:290)
	at org.junit.runners.ParentRunner$1.schedule(ParentRunner.java:71)
	at org.junit.runners.ParentRunner.runChildren(ParentRunner.java:288)
	at org.junit.runners.ParentRunner.access$000(ParentRunner.java:58)
	at org.junit.runners.ParentRunner$2.evaluate(ParentRunner.java:268)
	at org.junit.runners.ParentRunner.run(ParentRunner.java:363)
	at cucumber.runtime.junit.FeatureRunner.run(FeatureRunner.java:73)
	at cucumber.api.junit.Cucumber.runChild(Cucumber.java:118)
	at cucumber.api.junit.Cucumber.runChild(Cucumber.java:56)
	at org.junit.runners.ParentRunner$3.run(ParentRunner.java:290)
	at org.apache.maven.surefire.junitcore.pc.Scheduler$1.run(Scheduler.java:410)
	at org.apache.maven.surefire.junitcore.pc.InvokerStrategy.schedule(InvokerStrategy.java:54)
	at org.apache.maven.surefire.junitcore.pc.Scheduler.schedule(Scheduler.java:367)
	at org.junit.runners.ParentRunner.runChildren(ParentRunner.java:288)
	at org.junit.runners.ParentRunner.access$000(ParentRunner.java:58)
	at org.junit.runners.ParentRunner$2.evaluate(ParentRunner.java:268)
	at cucumber.api.junit.Cucumber$1.evaluate(Cucumber.java:127)
	at org.junit.runners.ParentRunner.run(ParentRunner.java:363)
	at org.junit.runners.Suite.runChild(Suite.java:128)
	at org.junit.runners.Suite.runChild(Suite.java:27)
	at org.junit.runners.ParentRunner$3.run(ParentRunner.java:290)
	at org.apache.maven.surefire.junitcore.pc.Scheduler$1.run(Scheduler.java:410)
	at java.base/java.util.concurrent.Executors$RunnableAdapter.call(Executors.java:515)
	at java.base/java.util.concurrent.FutureTask.run(FutureTask.java:264)
	at java.base/java.util.concurrent.ThreadPoolExecutor.runWorker(ThreadPoolExecutor.java:1128)
	at java.base/java.util.concurrent.ThreadPoolExecutor$Worker.run(ThreadPoolExecutor.java:628)
	at java.base/java.lang.Thread.run(Thread.java:834)
Caused by: org.openqa.selenium.NoSuchElementException: Timed out after 2 seconds. Element not found
For documentation on this error, please visit: https://www.seleniumhq.org/exceptions/no_such_element.html
Build info: version: '3.141.59', revision: 'e82be7d358', time: '2018-11-14T08:17:03'
System info: host: 'LOY-R902G3XR', ip: '192.168.0.14', os.name: 'Windows 10', os.arch: 'amd64', os.version: '10.0', java.version: '11.0.2'
Driver info: driver.version: unknown
	at net.thucydides.core.annotations.locators.SmartAjaxElementLocator.ajaxFindElement(SmartAjaxElementLocator.java:166)
	at net.thucydides.core.annotations.locators.SmartAjaxElementLocator.findElement(SmartAjaxElementLocator.java:118)
	at net.serenitybdd.core.pages.WebElementResolverByElementLocator.resolveForDriver(WebElementResolverByElementLocator.java:30)
	at net.serenitybdd.core.pages.WebElementFacadeImpl.getElement(WebElementFacadeImpl.java:221)
	at net.serenitybdd.core.pages.WebElementFacadeImpl.getTagName(WebElementFacadeImpl.java:1297)
	at java.base/jdk.internal.reflect.NativeMethodAccessorImpl.invoke0(Native Method)
	at java.base/jdk.internal.reflect.NativeMethodAccessorImpl.invoke(NativeMethodAccessorImpl.java:62)
	at java.base/jdk.internal.reflect.DelegatingMethodAccessorImpl.invoke(DelegatingMethodAccessorImpl.java:43)
	at java.base/java.lang.reflect.Method.invoke(Method.java:566)
	at net.thucydides.core.annotations.locators.AbstractSingleItemHandler.invoke(AbstractSingleItemHandler.java:45)
	at com.sun.proxy.$Proxy33.getTagName(Unknown Source)
	at net.serenitybdd.core.pages.WebElementFacadeImpl.getTagName(WebElementFacadeImpl.java:1297)
	at net.serenitybdd.core.pages.WebElementExpectations.isAFormElement(WebElementExpectations.java:163)
	at net.serenitybdd.core.pages.WebElementExpectations.isDisabledField(WebElementExpectations.java:159)
	at net.serenitybdd.core.pages.WebElementExpectations.access$000(WebElementExpectations.java:10)
	at net.serenitybdd.core.pages.WebElementExpectations$3.apply(WebElementExpectations.java:64)
	at net.serenitybdd.core.pages.WebElementExpectations$3.apply(WebElementExpectations.java:55)
	at org.openqa.selenium.support.ui.FluentWait.until(FluentWait.java:249)
	... 70 more
&amp#27;[0m
    &amp#27;[36mThen &amp#27;[0m&amp#27;[36mvehicle insurance quotes results page should be presented to user&amp#27;[0m &amp#27;[90m# RequestCarInsuranceQuoteStepDefinitions.results_page_is_presented_to_user()&amp#27;[0m
21:39:33.202 [pool-1-thread-1] ERROR n.t.c.steps.ConsoleLoggingListener - 
           __  _____ _____ ____ _____   _____ _    ___ _     _____ ____  
  _       / / |_   _| ____/ ___|_   _| |  ___/ \  |_ _| |   | ____|  _ \ 
 (_)_____| |    | | |  _| \___ \ | |   | |_ / _ \  | || |   |  _| | | | |
  _|_____| |    | | | |___ ___) || |   |  _/ ___ \ | || |___| |___| |_| |
 (_)     | |    |_| |_____|____/ |_|   |_|/_/   \_\___|_____|_____|____/ 
          \_\                                                            

TEST FAILED: user request new car insurance quote
--------------------------------------------------------------------------
21:39:33.318 [pool-1-thread-1] ERROR n.t.c.steps.ConsoleLoggingListener - TEST FAILED AT STEP Enter vehicle registration number
21:39:33.318 [pool-1-thread-1] ERROR n.t.c.steps.ConsoleLoggingListener - Expected enabled element was not enabledBuild info: version: '3.141.59', revision: 'e82be7d358', time: '2018-11-14T08:17:03'System info: host: 'LOY-R902G3XR', ip: '192.168.0.14', os.name: 'Windows 10', os.arch: 'amd64', os.version: '10.0', java.version: '11.0.2'Driver info: driver.version: unknown
]]></system-out>
    <system-err><![CDATA[Mar 15, 2020 9:39:04 PM org.openqa.selenium.remote.DesiredCapabilities chrome
INFO: Using `new ChromeOptions()` is preferred to `DesiredCapabilities.chrome()`
Starting ChromeDriver 79.0.3945.36 (3582db32b33893869b8c1339e8f4d9ed1816f143-refs/branch-heads/3945@{#614}) on port 40665
Only local connections are allowed.
Please protect ports used by ChromeDriver and related test frameworks to prevent access by malicious code.
[1584268749.402][WARNING]: This version of ChromeDriver has not been tested with Chrome version 80.
[1584268751.421][WARNING]: Timed out connecting to Chrome, retrying...
Mar 15, 2020 9:39:13 PM org.openqa.selenium.remote.ProtocolHandshake createSession
INFO: Detected dialect: W3C
]]></system-err>
  </testcase>
</testsuite>